{"numFailedTestSuites":0,"numFailedTests":0,"numPassedTestSuites":2,"numPassedTests":67,"numPendingTestSuites":0,"numPendingTests":0,"numRuntimeErrorTestSuites":0,"numTodoTests":0,"numTotalTestSuites":2,"numTotalTests":67,"openHandles":[],"snapshot":{"added":0,"didUpdate":false,"failure":false,"filesAdded":0,"filesRemoved":0,"filesRemovedList":[],"filesUnmatched":0,"filesUpdated":0,"matched":0,"total":0,"unchecked":0,"uncheckedKeysByFile":[],"unmatched":0,"updated":0},"startTime":1771234323472,"success":true,"testResults":[{"assertionResults":[{"ancestorTitles":["Impact Analysis API - Integration Tests","POST /api/analysis/faculty-impact"],"duration":86,"failing":false,"failureDetails":[],"failureMessages":[],"fullName":"Impact Analysis API - Integration Tests POST /api/analysis/faculty-impact should return 200 for valid faculty ID","invocations":1,"location":null,"numPassingAsserts":6,"retryReasons":[],"startAt":1771234325529,"status":"passed","title":"should return 200 for valid faculty ID"},{"ancestorTitles":["Impact Analysis API - Integration Tests","POST /api/analysis/faculty-impact"],"duration":15,"failing":false,"failureDetails":[],"failureMessages":[],"fullName":"Impact Analysis API - Integration Tests POST /api/analysis/faculty-impact should return correct faculty details","invocations":1,"location":null,"numPassingAsserts":1,"retryReasons":[],"startAt":1771234325617,"status":"passed","title":"should return correct faculty details"},{"ancestorTitles":["Impact Analysis API - Integration Tests","POST /api/analysis/faculty-impact"],"duration":14,"failing":false,"failureDetails":[],"failureMessages":[],"fullName":"Impact Analysis API - Integration Tests POST /api/analysis/faculty-impact should calculate impact score correctly","invocations":1,"location":null,"numPassingAsserts":2,"retryReasons":[],"startAt":1771234325633,"status":"passed","title":"should calculate impact score correctly"},{"ancestorTitles":["Impact Analysis API - Integration Tests","POST /api/analysis/faculty-impact"],"duration":14,"failing":false,"failureDetails":[],"failureMessages":[],"fullName":"Impact Analysis API - Integration Tests POST /api/analysis/faculty-impact should return appropriate recommendations","invocations":1,"location":null,"numPassingAsserts":2,"retryReasons":[],"startAt":1771234325648,"status":"passed","title":"should return appropriate recommendations"},{"ancestorTitles":["Impact Analysis API - Integration Tests","POST /api/analysis/faculty-impact"],"duration":6,"failing":false,"failureDetails":[],"failureMessages":[],"fullName":"Impact Analysis API - Integration Tests POST /api/analysis/faculty-impact should return 400 for missing facultyId","invocations":1,"location":null,"numPassingAsserts":2,"retryReasons":[],"startAt":1771234325663,"status":"passed","title":"should return 400 for missing facultyId"},{"ancestorTitles":["Impact Analysis API - Integration Tests","POST /api/analysis/faculty-impact"],"duration":5,"failing":false,"failureDetails":[],"failureMessages":[],"fullName":"Impact Analysis API - Integration Tests POST /api/analysis/faculty-impact should return 400 for invalid ObjectId format","invocations":1,"location":null,"numPassingAsserts":1,"retryReasons":[],"startAt":1771234325670,"status":"passed","title":"should return 400 for invalid ObjectId format"},{"ancestorTitles":["Impact Analysis API - Integration Tests","POST /api/analysis/faculty-impact"],"duration":7,"failing":false,"failureDetails":[],"failureMessages":[],"fullName":"Impact Analysis API - Integration Tests POST /api/analysis/faculty-impact should return 404 for non-existent faculty","invocations":1,"location":null,"numPassingAsserts":1,"retryReasons":[],"startAt":1771234325676,"status":"passed","title":"should return 404 for non-existent faculty"},{"ancestorTitles":["Impact Analysis API - Integration Tests","POST /api/analysis/room-shortage"],"duration":15,"failing":false,"failureDetails":[],"failureMessages":[],"fullName":"Impact Analysis API - Integration Tests POST /api/analysis/room-shortage should return 200 for valid room ID","invocations":1,"location":null,"numPassingAsserts":1,"retryReasons":[],"startAt":1771234325684,"status":"passed","title":"should return 200 for valid room ID"},{"ancestorTitles":["Impact Analysis API - Integration Tests","POST /api/analysis/room-shortage"],"duration":18,"failing":false,"failureDetails":[],"failureMessages":[],"fullName":"Impact Analysis API - Integration Tests POST /api/analysis/room-shortage should return alternative rooms","invocations":1,"location":null,"numPassingAsserts":4,"retryReasons":[],"startAt":1771234325700,"status":"passed","title":"should return alternative rooms"},{"ancestorTitles":["Impact Analysis API - Integration Tests","POST /api/analysis/room-shortage"],"duration":14,"failing":false,"failureDetails":[],"failureMessages":[],"fullName":"Impact Analysis API - Integration Tests POST /api/analysis/room-shortage alternatives should have same or greater capacity","invocations":1,"location":null,"numPassingAsserts":1,"retryReasons":[],"startAt":1771234325719,"status":"passed","title":"alternatives should have same or greater capacity"},{"ancestorTitles":["Impact Analysis API - Integration Tests","POST /api/analysis/room-shortage"],"duration":4,"failing":false,"failureDetails":[],"failureMessages":[],"fullName":"Impact Analysis API - Integration Tests POST /api/analysis/room-shortage should return 400 for missing roomId","invocations":1,"location":null,"numPassingAsserts":1,"retryReasons":[],"startAt":1771234325734,"status":"passed","title":"should return 400 for missing roomId"},{"ancestorTitles":["Impact Analysis API - Integration Tests","POST /api/analysis/room-shortage"],"duration":7,"failing":false,"failureDetails":[],"failureMessages":[],"fullName":"Impact Analysis API - Integration Tests POST /api/analysis/room-shortage should return 404 for non-existent room","invocations":1,"location":null,"numPassingAsserts":1,"retryReasons":[],"startAt":1771234325739,"status":"passed","title":"should return 404 for non-existent room"},{"ancestorTitles":["Impact Analysis API - Integration Tests","POST /api/analysis/bulk-faculty"],"duration":9,"failing":false,"failureDetails":[],"failureMessages":[],"fullName":"Impact Analysis API - Integration Tests POST /api/analysis/bulk-faculty should accept array of faculty IDs","invocations":1,"location":null,"numPassingAsserts":2,"retryReasons":[],"startAt":1771234325747,"status":"passed","title":"should accept array of faculty IDs"},{"ancestorTitles":["Impact Analysis API - Integration Tests","POST /api/analysis/bulk-faculty"],"duration":11,"failing":false,"failureDetails":[],"failureMessages":[],"fullName":"Impact Analysis API - Integration Tests POST /api/analysis/bulk-faculty should return summary statistics","invocations":1,"location":null,"numPassingAsserts":2,"retryReasons":[],"startAt":1771234325757,"status":"passed","title":"should return summary statistics"},{"ancestorTitles":["Impact Analysis API - Integration Tests","POST /api/analysis/bulk-faculty"],"duration":5,"failing":false,"failureDetails":[],"failureMessages":[],"fullName":"Impact Analysis API - Integration Tests POST /api/analysis/bulk-faculty should return 400 for missing facultyIds","invocations":1,"location":null,"numPassingAsserts":1,"retryReasons":[],"startAt":1771234325768,"status":"passed","title":"should return 400 for missing facultyIds"},{"ancestorTitles":["Impact Analysis API - Integration Tests","POST /api/analysis/bulk-faculty"],"duration":5,"failing":false,"failureDetails":[],"failureMessages":[],"fullName":"Impact Analysis API - Integration Tests POST /api/analysis/bulk-faculty should return 400 for non-array input","invocations":1,"location":null,"numPassingAsserts":1,"retryReasons":[],"startAt":1771234325773,"status":"passed","title":"should return 400 for non-array input"},{"ancestorTitles":["Impact Analysis API - Integration Tests","POST /api/analysis/bulk-faculty"],"duration":4,"failing":false,"failureDetails":[],"failureMessages":[],"fullName":"Impact Analysis API - Integration Tests POST /api/analysis/bulk-faculty should return 400 for empty array","invocations":1,"location":null,"numPassingAsserts":1,"retryReasons":[],"startAt":1771234325779,"status":"passed","title":"should return 400 for empty array"}],"endTime":1771234325793,"message":"","name":"C:\\Users\\home lap\\OneDrive\\Desktop\\Automated-Timetable\\timetable-backend-mern\\__tests__\\analysis.api.test.js","startTime":1771234323709,"status":"passed","summary":""},{"assertionResults":[{"ancestorTitles":["Impact Analysis Services - Unit Tests","calculateImpactScore()"],"duration":1,"failing":false,"failureDetails":[],"failureMessages":[],"fullName":"Impact Analysis Services - Unit Tests calculateImpactScore() should calculate correctly with updated weights","invocations":1,"location":null,"numPassingAsserts":1,"retryReasons":[],"startAt":1771234326332,"status":"passed","title":"should calculate correctly with updated weights"},{"ancestorTitles":["Impact Analysis Services - Unit Tests","calculateImpactScore()"],"duration":0,"failing":false,"failureDetails":[],"failureMessages":[],"fullName":"Impact Analysis Services - Unit Tests calculateImpactScore() should cap score at 100","invocations":1,"location":null,"numPassingAsserts":1,"retryReasons":[],"startAt":1771234326334,"status":"passed","title":"should cap score at 100"},{"ancestorTitles":["Impact Analysis Services - Unit Tests","calculateImpactScore()"],"duration":1,"failing":false,"failureDetails":[],"failureMessages":[],"fullName":"Impact Analysis Services - Unit Tests calculateImpactScore() should handle custom weights","invocations":1,"location":null,"numPassingAsserts":1,"retryReasons":[],"startAt":1771234326335,"status":"passed","title":"should handle custom weights"},{"ancestorTitles":["Impact Analysis Services - Unit Tests","calculateImpactScore()"],"duration":1,"failing":false,"failureDetails":[],"failureMessages":[],"fullName":"Impact Analysis Services - Unit Tests calculateImpactScore() should handle zero classes","invocations":1,"location":null,"numPassingAsserts":1,"retryReasons":[],"startAt":1771234326336,"status":"passed","title":"should handle zero classes"},{"ancestorTitles":["Impact Analysis Services - Unit Tests","calculateImpactScore()"],"duration":0,"failing":false,"failureDetails":[],"failureMessages":[],"fullName":"Impact Analysis Services - Unit Tests calculateImpactScore() should handle zero students","invocations":1,"location":null,"numPassingAsserts":1,"retryReasons":[],"startAt":1771234326338,"status":"passed","title":"should handle zero students"},{"ancestorTitles":["Impact Analysis Services - Unit Tests","calculateImpactScore()"],"duration":1,"failing":false,"failureDetails":[],"failureMessages":[],"fullName":"Impact Analysis Services - Unit Tests calculateImpactScore() should handle decimal results","invocations":1,"location":null,"numPassingAsserts":1,"retryReasons":[],"startAt":1771234326339,"status":"passed","title":"should handle decimal results"},{"ancestorTitles":["Impact Analysis Services - Unit Tests","calculateImpactScore()"],"duration":0,"failing":false,"failureDetails":[],"failureMessages":[],"fullName":"Impact Analysis Services - Unit Tests calculateImpactScore() should handle large numbers","invocations":1,"location":null,"numPassingAsserts":1,"retryReasons":[],"startAt":1771234326341,"status":"passed","title":"should handle large numbers"},{"ancestorTitles":["Impact Analysis Services - Unit Tests","calculateImpactScore()"],"duration":1,"failing":false,"failureDetails":[],"failureMessages":[],"fullName":"Impact Analysis Services - Unit Tests calculateImpactScore() should return number type","invocations":1,"location":null,"numPassingAsserts":1,"retryReasons":[],"startAt":1771234326342,"status":"passed","title":"should return number type"},{"ancestorTitles":["Impact Analysis Services - Unit Tests","calculateImpactScore()"],"duration":1,"failing":false,"failureDetails":[],"failureMessages":[],"fullName":"Impact Analysis Services - Unit Tests calculateImpactScore() should not return NaN","invocations":1,"location":null,"numPassingAsserts":1,"retryReasons":[],"startAt":1771234326343,"status":"passed","title":"should not return NaN"},{"ancestorTitles":["Impact Analysis Services - Unit Tests","calculateImpactScore()"],"duration":1,"failing":false,"failureDetails":[],"failureMessages":[],"fullName":"Impact Analysis Services - Unit Tests calculateImpactScore() should be deterministic (same input = same output)","invocations":1,"location":null,"numPassingAsserts":1,"retryReasons":[],"startAt":1771234326345,"status":"passed","title":"should be deterministic (same input = same output)"},{"ancestorTitles":["Impact Analysis Services - Unit Tests","classifySeverity()"],"duration":1,"failing":false,"failureDetails":[],"failureMessages":[],"fullName":"Impact Analysis Services - Unit Tests classifySeverity() should return CRITICAL for score > 75","invocations":1,"location":null,"numPassingAsserts":2,"retryReasons":[],"startAt":1771234326346,"status":"passed","title":"should return CRITICAL for score > 75"},{"ancestorTitles":["Impact Analysis Services - Unit Tests","classifySeverity()"],"duration":1,"failing":false,"failureDetails":[],"failureMessages":[],"fullName":"Impact Analysis Services - Unit Tests classifySeverity() should return HIGH for score 46-75","invocations":1,"location":null,"numPassingAsserts":2,"retryReasons":[],"startAt":1771234326349,"status":"passed","title":"should return HIGH for score 46-75"},{"ancestorTitles":["Impact Analysis Services - Unit Tests","classifySeverity()"],"duration":1,"failing":false,"failureDetails":[],"failureMessages":[],"fullName":"Impact Analysis Services - Unit Tests classifySeverity() should return MEDIUM for score <= 45","invocations":1,"location":null,"numPassingAsserts":2,"retryReasons":[],"startAt":1771234326353,"status":"passed","title":"should return MEDIUM for score <= 45"},{"ancestorTitles":["Impact Analysis Services - Unit Tests","classifySeverity()"],"duration":0,"failing":false,"failureDetails":[],"failureMessages":[],"fullName":"Impact Analysis Services - Unit Tests classifySeverity() should handle boundary values correctly","invocations":1,"location":null,"numPassingAsserts":4,"retryReasons":[],"startAt":1771234326355,"status":"passed","title":"should handle boundary values correctly"},{"ancestorTitles":["Impact Analysis Services - Unit Tests","classifySeverity()"],"duration":1,"failing":false,"failureDetails":[],"failureMessages":[],"fullName":"Impact Analysis Services - Unit Tests classifySeverity() should return string type","invocations":1,"location":null,"numPassingAsserts":1,"retryReasons":[],"startAt":1771234326356,"status":"passed","title":"should return string type"},{"ancestorTitles":["Impact Analysis Services - Unit Tests","classifySeverity()"],"duration":0,"failing":false,"failureDetails":[],"failureMessages":[],"fullName":"Impact Analysis Services - Unit Tests classifySeverity() should return uppercase severity","invocations":1,"location":null,"numPassingAsserts":1,"retryReasons":[],"startAt":1771234326358,"status":"passed","title":"should return uppercase severity"},{"ancestorTitles":["Impact Analysis Services - Unit Tests","classifySeverity()"],"duration":1,"failing":false,"failureDetails":[],"failureMessages":[],"fullName":"Impact Analysis Services - Unit Tests classifySeverity() should only return valid severities","invocations":1,"location":null,"numPassingAsserts":1,"retryReasons":[],"startAt":1771234326360,"status":"passed","title":"should only return valid severities"},{"ancestorTitles":["Impact Analysis Services - Unit Tests","generateRecommendations()"],"duration":1,"failing":false,"failureDetails":[],"failureMessages":[],"fullName":"Impact Analysis Services - Unit Tests generateRecommendations() should generate 5 recommendations for CRITICAL","invocations":1,"location":null,"numPassingAsserts":1,"retryReasons":[],"startAt":1771234326361,"status":"passed","title":"should generate 5 recommendations for CRITICAL"},{"ancestorTitles":["Impact Analysis Services - Unit Tests","generateRecommendations()"],"duration":0,"failing":false,"failureDetails":[],"failureMessages":[],"fullName":"Impact Analysis Services - Unit Tests generateRecommendations() should generate 4 recommendations for HIGH","invocations":1,"location":null,"numPassingAsserts":1,"retryReasons":[],"startAt":1771234326363,"status":"passed","title":"should generate 4 recommendations for HIGH"},{"ancestorTitles":["Impact Analysis Services - Unit Tests","generateRecommendations()"],"duration":0,"failing":false,"failureDetails":[],"failureMessages":[],"fullName":"Impact Analysis Services - Unit Tests generateRecommendations() should generate 3 recommendations for MEDIUM","invocations":1,"location":null,"numPassingAsserts":1,"retryReasons":[],"startAt":1771234326364,"status":"passed","title":"should generate 3 recommendations for MEDIUM"},{"ancestorTitles":["Impact Analysis Services - Unit Tests","generateRecommendations()"],"duration":1,"failing":false,"failureDetails":[],"failureMessages":[],"fullName":"Impact Analysis Services - Unit Tests generateRecommendations() should include faculty name in recommendations","invocations":1,"location":null,"numPassingAsserts":1,"retryReasons":[],"startAt":1771234326365,"status":"passed","title":"should include faculty name in recommendations"},{"ancestorTitles":["Impact Analysis Services - Unit Tests","generateRecommendations()"],"duration":1,"failing":false,"failureDetails":[],"failureMessages":[],"fullName":"Impact Analysis Services - Unit Tests generateRecommendations() should return array of strings","invocations":1,"location":null,"numPassingAsserts":5,"retryReasons":[],"startAt":1771234326366,"status":"passed","title":"should return array of strings"},{"ancestorTitles":["Impact Analysis Services - Unit Tests","generateRecommendations()"],"duration":1,"failing":false,"failureDetails":[],"failureMessages":[],"fullName":"Impact Analysis Services - Unit Tests generateRecommendations() should return non-empty recommendations","invocations":1,"location":null,"numPassingAsserts":4,"retryReasons":[],"startAt":1771234326368,"status":"passed","title":"should return non-empty recommendations"},{"ancestorTitles":["Impact Analysis Services - Unit Tests","generateRecommendations()"],"duration":0,"failing":false,"failureDetails":[],"failureMessages":[],"fullName":"Impact Analysis Services - Unit Tests generateRecommendations() CRITICAL should mention Dean/emergency","invocations":1,"location":null,"numPassingAsserts":1,"retryReasons":[],"startAt":1771234326370,"status":"passed","title":"CRITICAL should mention Dean/emergency"},{"ancestorTitles":["Impact Analysis Services - Unit Tests","generateRecommendations()"],"duration":0,"failing":false,"failureDetails":[],"failureMessages":[],"fullName":"Impact Analysis Services - Unit Tests generateRecommendations() should not have duplicate recommendations","invocations":1,"location":null,"numPassingAsserts":1,"retryReasons":[],"startAt":1771234326371,"status":"passed","title":"should not have duplicate recommendations"},{"ancestorTitles":["Impact Analysis Services - Unit Tests","generateRecommendations()"],"duration":0,"failing":false,"failureDetails":[],"failureMessages":[],"fullName":"Impact Analysis Services - Unit Tests generateRecommendations() should handle unknown severity gracefully","invocations":1,"location":null,"numPassingAsserts":2,"retryReasons":[],"startAt":1771234326372,"status":"passed","title":"should handle unknown severity gracefully"},{"ancestorTitles":["Impact Analysis Services - Unit Tests","generateRecommendations()"],"duration":0,"failing":false,"failureDetails":[],"failureMessages":[],"fullName":"Impact Analysis Services - Unit Tests generateRecommendations() should handle empty faculty name","invocations":1,"location":null,"numPassingAsserts":2,"retryReasons":[],"startAt":1771234326373,"status":"passed","title":"should handle empty faculty name"},{"ancestorTitles":["Impact Analysis Services - Unit Tests","validateObjectId()"],"duration":0,"failing":false,"failureDetails":[],"failureMessages":[],"fullName":"Impact Analysis Services - Unit Tests validateObjectId() should accept valid ObjectId string","invocations":1,"location":null,"numPassingAsserts":1,"retryReasons":[],"startAt":1771234326374,"status":"passed","title":"should accept valid ObjectId string"},{"ancestorTitles":["Impact Analysis Services - Unit Tests","validateObjectId()"],"duration":1,"failing":false,"failureDetails":[],"failureMessages":[],"fullName":"Impact Analysis Services - Unit Tests validateObjectId() should accept valid ObjectId object","invocations":1,"location":null,"numPassingAsserts":1,"retryReasons":[],"startAt":1771234326375,"status":"passed","title":"should accept valid ObjectId object"},{"ancestorTitles":["Impact Analysis Services - Unit Tests","validateObjectId()"],"duration":0,"failing":false,"failureDetails":[],"failureMessages":[],"fullName":"Impact Analysis Services - Unit Tests validateObjectId() should reject invalid format","invocations":1,"location":null,"numPassingAsserts":1,"retryReasons":[],"startAt":1771234326377,"status":"passed","title":"should reject invalid format"},{"ancestorTitles":["Impact Analysis Services - Unit Tests","validateObjectId()"],"duration":0,"failing":false,"failureDetails":[],"failureMessages":[],"fullName":"Impact Analysis Services - Unit Tests validateObjectId() should reject null","invocations":1,"location":null,"numPassingAsserts":1,"retryReasons":[],"startAt":1771234326378,"status":"passed","title":"should reject null"},{"ancestorTitles":["Impact Analysis Services - Unit Tests","validateObjectId()"],"duration":1,"failing":false,"failureDetails":[],"failureMessages":[],"fullName":"Impact Analysis Services - Unit Tests validateObjectId() should reject undefined","invocations":1,"location":null,"numPassingAsserts":1,"retryReasons":[],"startAt":1771234326379,"status":"passed","title":"should reject undefined"},{"ancestorTitles":["Impact Analysis Services - Unit Tests","validateObjectId()"],"duration":1,"failing":false,"failureDetails":[],"failureMessages":[],"fullName":"Impact Analysis Services - Unit Tests validateObjectId() should reject empty string","invocations":1,"location":null,"numPassingAsserts":1,"retryReasons":[],"startAt":1771234326380,"status":"passed","title":"should reject empty string"},{"ancestorTitles":["Impact Analysis Services - Unit Tests","validateObjectId()"],"duration":0,"failing":false,"failureDetails":[],"failureMessages":[],"fullName":"Impact Analysis Services - Unit Tests validateObjectId() should reject numbers","invocations":1,"location":null,"numPassingAsserts":1,"retryReasons":[],"startAt":1771234326382,"status":"passed","title":"should reject numbers"},{"ancestorTitles":["Impact Analysis Services - Unit Tests","validateObjectId()"],"duration":1,"failing":false,"failureDetails":[],"failureMessages":[],"fullName":"Impact Analysis Services - Unit Tests validateObjectId() should reject objects","invocations":1,"location":null,"numPassingAsserts":1,"retryReasons":[],"startAt":1771234326383,"status":"passed","title":"should reject objects"},{"ancestorTitles":["Impact Analysis Services - Unit Tests","Edge Case Handling"],"duration":1,"failing":false,"failureDetails":[],"failureMessages":[],"fullName":"Impact Analysis Services - Unit Tests Edge Case Handling should handle negative numbers gracefully","invocations":1,"location":null,"numPassingAsserts":2,"retryReasons":[],"startAt":1771234326385,"status":"passed","title":"should handle negative numbers gracefully"},{"ancestorTitles":["Impact Analysis Services - Unit Tests","Edge Case Handling"],"duration":1,"failing":false,"failureDetails":[],"failureMessages":[],"fullName":"Impact Analysis Services - Unit Tests Edge Case Handling should handle Infinity","invocations":1,"location":null,"numPassingAsserts":2,"retryReasons":[],"startAt":1771234326386,"status":"passed","title":"should handle Infinity"},{"ancestorTitles":["Impact Analysis Services - Unit Tests","Edge Case Handling"],"duration":0,"failing":false,"failureDetails":[],"failureMessages":[],"fullName":"Impact Analysis Services - Unit Tests Edge Case Handling should handle very large numbers","invocations":1,"location":null,"numPassingAsserts":1,"retryReasons":[],"startAt":1771234326388,"status":"passed","title":"should handle very large numbers"},{"ancestorTitles":["Impact Analysis Services - Unit Tests","Edge Case Handling"],"duration":0,"failing":false,"failureDetails":[],"failureMessages":[],"fullName":"Impact Analysis Services - Unit Tests Edge Case Handling should handle very small decimal values","invocations":1,"location":null,"numPassingAsserts":2,"retryReasons":[],"startAt":1771234326389,"status":"passed","title":"should handle very small decimal values"},{"ancestorTitles":["Impact Analysis Services - Unit Tests","Edge Case Handling"],"duration":0,"failing":false,"failureDetails":[],"failureMessages":[],"fullName":"Impact Analysis Services - Unit Tests Edge Case Handling should handle mixed integer and decimal","invocations":1,"location":null,"numPassingAsserts":1,"retryReasons":[],"startAt":1771234326390,"status":"passed","title":"should handle mixed integer and decimal"},{"ancestorTitles":["Impact Analysis Services - Unit Tests","Edge Case Handling"],"duration":1,"failing":false,"failureDetails":[],"failureMessages":[],"fullName":"Impact Analysis Services - Unit Tests Edge Case Handling should maintain precision for normal values","invocations":1,"location":null,"numPassingAsserts":1,"retryReasons":[],"startAt":1771234326391,"status":"passed","title":"should maintain precision for normal values"},{"ancestorTitles":["Impact Analysis Services - Unit Tests","Edge Case Handling"],"duration":0,"failing":false,"failureDetails":[],"failureMessages":[],"fullName":"Impact Analysis Services - Unit Tests Edge Case Handling should not produce negative scores","invocations":1,"location":null,"numPassingAsserts":1,"retryReasons":[],"startAt":1771234326393,"status":"passed","title":"should not produce negative scores"},{"ancestorTitles":["Impact Analysis Services - Unit Tests","Edge Case Handling"],"duration":0,"failing":false,"failureDetails":[],"failureMessages":[],"fullName":"Impact Analysis Services - Unit Tests Edge Case Handling should handle boundary at 100","invocations":1,"location":null,"numPassingAsserts":1,"retryReasons":[],"startAt":1771234326394,"status":"passed","title":"should handle boundary at 100"},{"ancestorTitles":["Impact Analysis Services - Unit Tests","Performance"],"duration":21,"failing":false,"failureDetails":[],"failureMessages":[],"fullName":"Impact Analysis Services - Unit Tests Performance should calculate 10,000 scores in < 100ms","invocations":1,"location":null,"numPassingAsserts":1,"retryReasons":[],"startAt":1771234326395,"status":"passed","title":"should calculate 10,000 scores in < 100ms"},{"ancestorTitles":["Impact Analysis Services - Unit Tests","Performance"],"duration":1,"failing":false,"failureDetails":[],"failureMessages":[],"fullName":"Impact Analysis Services - Unit Tests Performance should classify 10,000 severities in < 50ms","invocations":1,"location":null,"numPassingAsserts":1,"retryReasons":[],"startAt":1771234326418,"status":"passed","title":"should classify 10,000 severities in < 50ms"},{"ancestorTitles":["Impact Analysis Services - Unit Tests","Real-World Scenarios"],"duration":0,"failing":false,"failureDetails":[],"failureMessages":[],"fullName":"Impact Analysis Services - Unit Tests Real-World Scenarios Part-time lecturer (1 class, 30 students) = MEDIUM impact","invocations":1,"location":null,"numPassingAsserts":1,"retryReasons":[],"startAt":1771234326420,"status":"passed","title":"Part-time lecturer (1 class, 30 students) = MEDIUM impact"},{"ancestorTitles":["Impact Analysis Services - Unit Tests","Real-World Scenarios"],"duration":1,"failing":false,"failureDetails":[],"failureMessages":[],"fullName":"Impact Analysis Services - Unit Tests Real-World Scenarios Popular professor (20 classes, 600 students) = HIGH","invocations":1,"location":null,"numPassingAsserts":1,"retryReasons":[],"startAt":1771234326421,"status":"passed","title":"Popular professor (20 classes, 600 students) = HIGH"},{"ancestorTitles":["Impact Analysis Services - Unit Tests","Real-World Scenarios"],"duration":0,"failing":false,"failureDetails":[],"failureMessages":[],"fullName":"Impact Analysis Services - Unit Tests Real-World Scenarios Department head (20 classes, 800 students) = CRITICAL","invocations":1,"location":null,"numPassingAsserts":1,"retryReasons":[],"startAt":1771234326423,"status":"passed","title":"Department head (20 classes, 800 students) = CRITICAL"},{"ancestorTitles":["Impact Analysis Services - Unit Tests","Real-World Scenarios"],"duration":1,"failing":false,"failureDetails":[],"failureMessages":[],"fullName":"Impact Analysis Services - Unit Tests Real-World Scenarios Average faculty (8 classes, 240 students) = MEDIUM","invocations":1,"location":null,"numPassingAsserts":1,"retryReasons":[],"startAt":1771234326424,"status":"passed","title":"Average faculty (8 classes, 240 students) = MEDIUM"},{"ancestorTitles":["Impact Analysis Services - Unit Tests","Real-World Scenarios"],"duration":0,"failing":false,"failureDetails":[],"failureMessages":[],"fullName":"Impact Analysis Services - Unit Tests Real-World Scenarios New faculty (3 classes, 90 students) = MEDIUM","invocations":1,"location":null,"numPassingAsserts":1,"retryReasons":[],"startAt":1771234326431,"status":"passed","title":"New faculty (3 classes, 90 students) = MEDIUM"}],"endTime":1771234326436,"message":"","name":"C:\\Users\\home lap\\OneDrive\\Desktop\\Automated-Timetable\\timetable-backend-mern\\__tests__\\analysis.test.js","startTime":1771234325840,"status":"passed","summary":""}],"wasInterrupted":false}
